<?xml version="1.0" encoding="UTF-8"?>
<!-- Generated by org.testng.reporters.JUnitReportReporter -->
<testsuite hostname="GWTN156-9" failures="0" tests="5" name="steps.TestRunner" time="156.536" errors="0" timestamp="2022-11-17T23:37:36 MST" skipped="0">
  <testcase classname="steps.TestRunner" name="runScenario" time="38.178"/>
  <system-out/>
  <testcase classname="steps.TestRunner" name="runScenario" time="22.564"/>
  <system-out/>
  <testcase classname="steps.TestRunner" name="runScenario" time="37.365"/>
  <system-out/>
  <testcase classname="steps.TestRunner" name="runScenario" time="21.508"/>
  <system-out/>
  <testcase classname="steps.TestRunner" name="runScenario" time="36.921"/>
  <system-out/>
</testsuite> <!-- steps.TestRunner -->
