<?xml version="1.0" encoding="UTF-8"?>
<!-- Generated by org.testng.reporters.JUnitReportReporter -->
<testsuite hostname="GWTN156-9" failures="0" tests="4" name="steps.TestRunner" time="133.786" errors="0" timestamp="2022-12-15T22:31:59 MST" skipped="0">
  <testcase classname="steps.TestRunner" name="runScenario" time="38.915"/>
  <system-out/>
  <testcase classname="steps.TestRunner" name="runScenario" time="21.322"/>
  <system-out/>
  <testcase classname="steps.TestRunner" name="runScenario" time="37.252"/>
  <system-out/>
  <testcase classname="steps.TestRunner" name="runScenario" time="36.297"/>
  <system-out/>
</testsuite> <!-- steps.TestRunner -->
